SpeechBrain system description
==============================
Python version:
3.10.12 (main, Feb  4 2025, 14:57:36) [GCC 11.4.0]
==============================
Installed Python packages:
amdsmi @ file:///opt/rocm-6.3.2/share/amd_smi
apturl==0.5.2
argcomplete==1.8.1
audioread==3.0.1
bcrypt==3.2.0
black==24.3.0
blinker==1.4
Brlapi==0.8.3
certifi==2025.1.31
cffi==1.17.1
cfgv==3.4.0
chardet==4.0.0
charset-normalizer==3.4.1
click==8.1.7
colorama==0.4.4
command-not-found==0.3
contourpy==1.3.2
cryptography==3.4.8
cupshelpers==1.0
cycler==0.12.1
dbus-python==1.2.18
decorator==5.2.1
defer==1.0.6
distlib==0.3.9
distro==1.7.0
distro-info==1.1+ubuntu0.2
docstring_parser_fork==0.0.12
duplicity==0.8.21
exceptiongroup==1.2.2
fasteners==0.14.1
filelock==3.18.0
flake8==7.0.0
fonttools==4.57.0
fsspec==2025.3.0
future==0.18.2
httplib2==0.20.2
huggingface-hub==0.29.2
HyperPyYAML==1.2.2
identify==2.6.9
idna==3.10
importlib-metadata==4.6.4
iniconfig==2.0.0
isort==5.13.2
jeepney==0.7.1
Jinja2==3.1.4
joblib==1.4.2
keyring==23.5.0
kiwisolver==1.4.8
language-selector==0.1
launchpadlib==1.10.16
lazr.restfulclient==0.14.4
lazr.uri==1.0.6
lazy_loader==0.4
librosa==0.10.2.post1
llvmlite==0.44.0
lockfile==0.12.2
louis==3.20.0
macaroonbakery==1.3.1
Mako==1.1.3
MarkupSafe==3.0.2
matplotlib==3.10.1
mccabe==0.7.0
monotonic==1.6
more-itertools==8.10.0
mpmath==1.3.0
msgpack==1.1.0
mypy-extensions==1.0.0
netifaces==0.11.0
networkx==3.4.2
nodeenv==1.9.1
numba==0.61.0
numpy==2.2.4
nvidia-cublas-cu12==12.4.5.8
nvidia-cuda-cupti-cu12==12.4.127
nvidia-cuda-nvrtc-cu12==12.4.127
nvidia-cuda-runtime-cu12==12.4.127
nvidia-cufft-cu12==11.2.1.3
nvidia-curand-cu12==10.3.5.147
nvidia-cusparselt-cu12==0.6.2
nvidia-nccl-cu12==2.21.5
nvidia-nvjitlink-cu12==12.4.127
nvidia-nvtx-cu12==12.4.127
oauthlib==3.2.0
olefile==0.46
packaging==24.2
pandas==2.2.3
paramiko==2.9.3
pathspec==0.12.1
pexpect==4.8.0
Pillow==9.0.1
platformdirs==4.3.6
pluggy==1.5.0
pooch==1.8.2
pre_commit==4.1.0
protobuf==3.12.4
ptyprocess==0.7.0
pycairo==1.20.1
pycodestyle==2.11.0
pycparser==2.22
pycups==2.0.1
pydoclint==0.4.1
pyflakes==3.2.0
PyGObject==3.42.1
pygtrie==2.5.0
PyJWT==2.3.0
pymacaroons==0.13.0
PyNaCl==1.5.0
pyparsing==2.4.7
pyRFC3339==1.1
pytest==7.4.0
python-apt==2.4.0+ubuntu4
python-dateutil==2.9.0.post0
python-debian==0.1.43+ubuntu1.1
pytorch-triton-rocm==3.2.0
pytz==2022.1
pyxdg==0.27
PyYAML==6.0.2
regex==2024.11.6
reportlab==3.6.8
requests==2.25.1
ruamel.yaml==0.18.10
ruamel.yaml.clib==0.2.12
safetensors==0.5.3
scikit-learn==1.6.1
scipy==1.15.2
seaborn==0.13.2
SecretStorage==3.3.1
sentencepiece==0.2.0
six==1.16.0
soundfile==0.13.1
soxr==0.5.0.post1
speechbrain==1.0.2
sympy==1.13.1
systemd-python==234
threadpoolctl==3.5.0
tokenizers==0.21.0
tomli==2.2.1
torch==2.6.0+rocm6.2.4
torchaudio==2.6.0+rocm6.2.4
torchvision==0.21.0+rocm6.2.4
tqdm==4.67.1
transformers==4.49.0
triton==3.2.0
typing_extensions==4.13.0
tzdata==2025.1
ubuntu-drivers-common==0.0.0
ubuntu-pro-client==8001
ufw==0.36.1
unattended-upgrades==0.1
urllib3==2.3.0
usb-creator==0.3.7
virtualenv==20.29.3
wadllib==1.3.6
xdg==5
xkit==0.0.0
yamllint==1.35.1
zipp==1.0.0
==============================
Git revision:
cceeb40
==============================
ROCm version:
6.2.41134-65d174c3e